  Device.cpp
  Game.cpp
C:\Program Files (x86)\Windows Kits\10\Include\10.0.16299.0\shared\minwindef.h(130): warning C4005: 'APIENTRY': macro redefinition
  D:\GitProjects\ProjectAmber\AmberEngine\libraries\glfw-3.2.1.bin.WIN64\include-custom-vc2017\GLFW/glfw3.h(98): note: see previous definition of 'APIENTRY'
  RenderPass.cpp
  RenderPipeline.cpp
C:\Program Files (x86)\Windows Kits\10\Include\10.0.16299.0\shared\minwindef.h(130): warning C4005: 'APIENTRY': macro redefinition
  D:\GitProjects\ProjectAmber\AmberEngine\libraries\glfw-3.2.1.bin.WIN64\include-custom-vc2017\GLFW/glfw3.h(98): note: see previous definition of 'APIENTRY'
  SwapChain.cpp
  WindowView.cpp
  main.cpp
C:\Program Files (x86)\Windows Kits\10\Include\10.0.16299.0\shared\minwindef.h(130): warning C4005: 'APIENTRY': macro redefinition
  D:\GitProjects\ProjectAmber\AmberEngine\libraries\glfw-3.2.1.bin.WIN64\include-custom-vc2017\GLFW/glfw3.h(98): note: see previous definition of 'APIENTRY'
  Generating code
d:\gitprojects\projectamber\amberengine\amberenginev01\ambenums.h(20): warning C4715: 'AmbEnums::getAmbAppTypeName': not all control paths return a value
  931 of 1359 functions (68.5%) were compiled, the rest were copied from previous compilation.
    29 functions were new in current compilation
    82 functions had inline decision re-evaluated but remain unchanged
  Finished generating code
  AmberEngineV01.vcxproj -> D:\GitProjects\ProjectAmber\AmberEngine\x64\Release\AmberEngineV01.exe
